Arguments: 
  /usr/local/Cellar/node/16.5.0/bin/node /usr/local/bin/yarn build

PATH: 
  /usr/local/opt/curl-openssl/bin:/Library/Frameworks/Python.framework/Versions/3.9/bin:/usr/local/bin:/usr/bin:/bin:/usr/sbin:/sbin:/Library/Apple/usr/bin:/usr/local/opt/curl-openssl/bin:/Library/Frameworks/Python.framework/Versions/3.9/bin:/Users/blagojdimovski/.cargo/bin

Yarn version: 
  1.22.10

Node version: 
  16.5.0

Platform: 
  darwin x64

Trace: 
  SyntaxError: /Users/blagojdimovski/WebstormProjects/anonymous-instant-chat/server/package.json: Unexpected token } in JSON at position 707
      at JSON.parse (<anonymous>)
      at /usr/local/lib/node_modules/yarn/lib/cli.js:1625:59
      at Generator.next (<anonymous>)
      at step (/usr/local/lib/node_modules/yarn/lib/cli.js:310:30)
      at /usr/local/lib/node_modules/yarn/lib/cli.js:321:13

npm manifest: 
  {
    "name": "server",
    "version": "1.0.0",
    "description": "Anonymous instant chat app server",
    "main": "dist/src/main.js",
    "author": "Blagoj Dimovski",
    "license": "MIT",
    "dependencies": {
      "express": "^4.17.1",
      "semaphore-lib": "git+https://github.com/akinovak/semaphore-lib.git#dev",
      "socket.io": "^4.2.0"
    },
    "devDependencies": {
      "@types/node": "^16.9.4",
      "prettier": "^2.4.1",
      "tslint": "^6.1.3",
      "typescript": "^4.4.3"
    },
    "scripts": {
      "prebuild": "prettier --write . && tslint -c tslint.json -p tsconfig.json --fix",
      "build": "tsc",
      "prestart": "npm run build",
      "start": "node .",
      "test": "echo \"Error: no test specified\" && exit 1",
    }
  }

yarn manifest: 
  No manifest

Lockfile: 
  No lockfile
